

2025-03-19 05:40:12 - Usuario: Naps - Inicio de sesion exitoso
2025-03-19 05:40:15 - Usuario: Desconocido - Cierre de sesion
2025-03-19 05:40:21 - Usuario: Naps - Inicio de sesion exitoso
2025-03-19 05:47:01 - Usuario: Desconocido - Cierre de sesion
2025-03-23 23:30:57 - Usuario: Naps - Inicio de sesion exitoso
2025-03-24 00:23:30 - Usuario: Desconocido - Cierre de sesion
2025-03-24 00:25:53 - Usuario: naps - Error en inicio de sesión
2025-03-24 00:25:58 - Usuario: naps - Error en inicio de sesión
2025-03-24 00:27:53 - Usuario: naps - Error en inicio de sesión
[2025-03-24 19:18:03] Producto añadido: Consola Nintendo Switch Lite (Reacondicionada) - Gris | Descripción: Consola portátil de nintendo switch reacondicionada | Costo Importe: 3499.2 | Costo IVA: 110.12 | Costo Total: 3609.32
2025-03-24 00:29:39 - Usuario: Desconocido - Cierre de sesion
2025-03-24 00:33:22 - Usuario: Naps - Error en inicio de sesión
2025-03-24 00:35:48 - Usuario: naps - Error en inicio de sesión
2025-03-24 00:36:36 - Usuario: naps - Error en inicio de sesión
2025-03-24 00:36:46 - Usuario: naps - Error en inicio de sesión
2025-03-24 00:43:14 - Usuario: naps - Error en inicio de sesión
2025-03-24 00:44:53 - Usuario: naps - Error en inicio de sesión
2025-03-24 00:45:08 - Usuario: naps - Error en inicio de sesión
2025-03-24 00:53:22 - Usuario: naps - Error en inicio de sesión
2025-03-24 01:06:56 - Usuario: RFC12345 - Error en inicio de sesión
2025-03-24 01:06:59 - Usuario:  - Error en inicio de sesión
2025-03-24 01:11:32 - Usuario: RFC12345 - Inicio de sesion exitoso
2025-03-24 15:08:01 - Usuario: naps - Inicio de sesion exitoso